[ 25%] Built target vessel_lib
[ 50%] Built target milliampere_dynamics_node
[ 75%] Built target thrust_allocator_node
[ 87%] [32mBuilding CXX object CMakeFiles/pid_controller_node.dir/src/pid_controller_node.cpp.o[0m
[100%] [32m[1mLinking CXX executable pid_controller_node[0m
[100%] Built target pid_controller_node
-- Install configuration: ""
-- Installing: /home/imirdo/marine_ws/src/vessel_kinematics/install/vessel_kinematics/lib/vessel_kinematics/milliampere_dynamics_node
-- Set non-toolchain portion of runtime path of "/home/imirdo/marine_ws/src/vessel_kinematics/install/vessel_kinematics/lib/vessel_kinematics/milliampere_dynamics_node" to ""
-- Installing: /home/imirdo/marine_ws/src/vessel_kinematics/install/vessel_kinematics/lib/vessel_kinematics/thrust_allocator_node
-- Set non-toolchain portion of runtime path of "/home/imirdo/marine_ws/src/vessel_kinematics/install/vessel_kinematics/lib/vessel_kinematics/thrust_allocator_node" to ""
-- Installing: /home/imirdo/marine_ws/src/vessel_kinematics/install/vessel_kinematics/lib/vessel_kinematics/pid_controller_node
-- Set non-toolchain portion of runtime path of "/home/imirdo/marine_ws/src/vessel_kinematics/install/vessel_kinematics/lib/vessel_kinematics/pid_controller_node" to ""
-- Up-to-date: /home/imirdo/marine_ws/src/vessel_kinematics/install/vessel_kinematics/lib/vessel_kinematics/milliampere_dynamics_node
-- Up-to-date: /home/imirdo/marine_ws/src/vessel_kinematics/install/vessel_kinematics/lib/vessel_kinematics/thrust_allocator_node
-- Up-to-date: /home/imirdo/marine_ws/src/vessel_kinematics/install/vessel_kinematics/lib/vessel_kinematics/pid_controller_node
-- Up-to-date: /home/imirdo/marine_ws/src/vessel_kinematics/install/vessel_kinematics/share/vessel_kinematics/launch
-- Installing: /home/imirdo/marine_ws/src/vessel_kinematics/install/vessel_kinematics/share/vessel_kinematics/launch/vessel.launch.py
-- Up-to-date: /home/imirdo/marine_ws/src/vessel_kinematics/install/vessel_kinematics/share/vessel_kinematics/rviz
-- Up-to-date: /home/imirdo/marine_ws/src/vessel_kinematics/install/vessel_kinematics/share/vessel_kinematics/rviz/vessel.rviz
-- Up-to-date: /home/imirdo/marine_ws/src/vessel_kinematics/install/vessel_kinematics/share/vessel_kinematics/urdf
-- Up-to-date: /home/imirdo/marine_ws/src/vessel_kinematics/install/vessel_kinematics/share/vessel_kinematics/urdf/milliampere.urdf.xacro
-- Up-to-date: /home/imirdo/marine_ws/src/vessel_kinematics/install/vessel_kinematics/share/vessel_kinematics/urdf/vessel_prism.urdf.xacro
-- Up-to-date: /home/imirdo/marine_ws/src/vessel_kinematics/install/vessel_kinematics/share/ament_index/resource_index/package_run_dependencies/vessel_kinematics
-- Up-to-date: /home/imirdo/marine_ws/src/vessel_kinematics/install/vessel_kinematics/share/ament_index/resource_index/parent_prefix_path/vessel_kinematics
-- Up-to-date: /home/imirdo/marine_ws/src/vessel_kinematics/install/vessel_kinematics/share/vessel_kinematics/environment/ament_prefix_path.sh
-- Up-to-date: /home/imirdo/marine_ws/src/vessel_kinematics/install/vessel_kinematics/share/vessel_kinematics/environment/ament_prefix_path.dsv
-- Up-to-date: /home/imirdo/marine_ws/src/vessel_kinematics/install/vessel_kinematics/share/vessel_kinematics/environment/path.sh
-- Up-to-date: /home/imirdo/marine_ws/src/vessel_kinematics/install/vessel_kinematics/share/vessel_kinematics/environment/path.dsv
-- Up-to-date: /home/imirdo/marine_ws/src/vessel_kinematics/install/vessel_kinematics/share/vessel_kinematics/local_setup.bash
-- Up-to-date: /home/imirdo/marine_ws/src/vessel_kinematics/install/vessel_kinematics/share/vessel_kinematics/local_setup.sh
-- Up-to-date: /home/imirdo/marine_ws/src/vessel_kinematics/install/vessel_kinematics/share/vessel_kinematics/local_setup.zsh
-- Up-to-date: /home/imirdo/marine_ws/src/vessel_kinematics/install/vessel_kinematics/share/vessel_kinematics/local_setup.dsv
-- Installing: /home/imirdo/marine_ws/src/vessel_kinematics/install/vessel_kinematics/share/vessel_kinematics/package.dsv
-- Up-to-date: /home/imirdo/marine_ws/src/vessel_kinematics/install/vessel_kinematics/share/ament_index/resource_index/packages/vessel_kinematics
-- Up-to-date: /home/imirdo/marine_ws/src/vessel_kinematics/install/vessel_kinematics/share/vessel_kinematics/cmake/vessel_kinematicsConfig.cmake
-- Up-to-date: /home/imirdo/marine_ws/src/vessel_kinematics/install/vessel_kinematics/share/vessel_kinematics/cmake/vessel_kinematicsConfig-version.cmake
-- Up-to-date: /home/imirdo/marine_ws/src/vessel_kinematics/install/vessel_kinematics/share/vessel_kinematics/package.xml
