[0.022s] Invoking command in '/home/imirdo/marine_ws/src/vessel_kinematics/build/vessel_kinematics': CMAKE_PREFIX_PATH=${CMAKE_PREFIX_PATH}:/home/imirdo/turtlebot3_ws/install/turtlebot3_teleop:/home/imirdo/turtlebot3_ws/install/turtlebot3_example:/opt/ros/jazzy DEBUGINFOD_URLS=https://debuginfod.ubuntu.com /usr/bin/cmake --build /home/imirdo/marine_ws/src/vessel_kinematics/build/vessel_kinematics -- -j28 -l28
[0.180s] [ 25%] Built target vessel_lib
[0.191s] [ 50%] Built target milliampere_dynamics_node
[0.261s] [ 75%] Built target thrust_allocator_node
[0.282s] [ 87%] [32mBuilding CXX object CMakeFiles/milliampere_controller_node.dir/src/milliampere_controller_node.cpp.o[0m
[28.433s] [100%] [32m[1mLinking CXX executable milliampere_controller_node[0m
[29.589s] [100%] Built target milliampere_controller_node
[29.618s] Invoked command in '/home/imirdo/marine_ws/src/vessel_kinematics/build/vessel_kinematics' returned '0': CMAKE_PREFIX_PATH=${CMAKE_PREFIX_PATH}:/home/imirdo/turtlebot3_ws/install/turtlebot3_teleop:/home/imirdo/turtlebot3_ws/install/turtlebot3_example:/opt/ros/jazzy DEBUGINFOD_URLS=https://debuginfod.ubuntu.com /usr/bin/cmake --build /home/imirdo/marine_ws/src/vessel_kinematics/build/vessel_kinematics -- -j28 -l28
[29.644s] Invoking command in '/home/imirdo/marine_ws/src/vessel_kinematics/build/vessel_kinematics': CMAKE_PREFIX_PATH=${CMAKE_PREFIX_PATH}:/home/imirdo/turtlebot3_ws/install/turtlebot3_teleop:/home/imirdo/turtlebot3_ws/install/turtlebot3_example:/opt/ros/jazzy DEBUGINFOD_URLS=https://debuginfod.ubuntu.com /usr/bin/cmake --install /home/imirdo/marine_ws/src/vessel_kinematics/build/vessel_kinematics
[29.669s] -- Install configuration: ""
[29.669s] -- Installing: /home/imirdo/marine_ws/src/vessel_kinematics/install/vessel_kinematics/lib/vessel_kinematics/milliampere_dynamics_node
[29.690s] -- Set non-toolchain portion of runtime path of "/home/imirdo/marine_ws/src/vessel_kinematics/install/vessel_kinematics/lib/vessel_kinematics/milliampere_dynamics_node" to ""
[29.691s] -- Installing: /home/imirdo/marine_ws/src/vessel_kinematics/install/vessel_kinematics/lib/vessel_kinematics/thrust_allocator_node
[29.706s] -- Set non-toolchain portion of runtime path of "/home/imirdo/marine_ws/src/vessel_kinematics/install/vessel_kinematics/lib/vessel_kinematics/thrust_allocator_node" to ""
[29.706s] -- Installing: /home/imirdo/marine_ws/src/vessel_kinematics/install/vessel_kinematics/lib/vessel_kinematics/milliampere_controller_node
[29.724s] -- Set non-toolchain portion of runtime path of "/home/imirdo/marine_ws/src/vessel_kinematics/install/vessel_kinematics/lib/vessel_kinematics/milliampere_controller_node" to ""
[29.725s] -- Up-to-date: /home/imirdo/marine_ws/src/vessel_kinematics/install/vessel_kinematics/lib/vessel_kinematics/milliampere_dynamics_node
[29.725s] -- Up-to-date: /home/imirdo/marine_ws/src/vessel_kinematics/install/vessel_kinematics/lib/vessel_kinematics/thrust_allocator_node
[29.726s] -- Up-to-date: /home/imirdo/marine_ws/src/vessel_kinematics/install/vessel_kinematics/lib/vessel_kinematics/milliampere_controller_node
[29.727s] -- Up-to-date: /home/imirdo/marine_ws/src/vessel_kinematics/install/vessel_kinematics/share/vessel_kinematics/launch
[29.727s] -- Installing: /home/imirdo/marine_ws/src/vessel_kinematics/install/vessel_kinematics/share/vessel_kinematics/launch/vessel.launch.py
[29.728s] -- Up-to-date: /home/imirdo/marine_ws/src/vessel_kinematics/install/vessel_kinematics/share/vessel_kinematics/rviz
[29.728s] -- Up-to-date: /home/imirdo/marine_ws/src/vessel_kinematics/install/vessel_kinematics/share/vessel_kinematics/rviz/vessel.rviz
[29.728s] -- Up-to-date: /home/imirdo/marine_ws/src/vessel_kinematics/install/vessel_kinematics/share/vessel_kinematics/urdf
[29.729s] -- Up-to-date: /home/imirdo/marine_ws/src/vessel_kinematics/install/vessel_kinematics/share/vessel_kinematics/urdf/milliampere.urdf.xacro
[29.729s] -- Up-to-date: /home/imirdo/marine_ws/src/vessel_kinematics/install/vessel_kinematics/share/vessel_kinematics/urdf/vessel_prism.urdf.xacro
[29.729s] -- Up-to-date: /home/imirdo/marine_ws/src/vessel_kinematics/install/vessel_kinematics/share/ament_index/resource_index/package_run_dependencies/vessel_kinematics
[29.730s] -- Up-to-date: /home/imirdo/marine_ws/src/vessel_kinematics/install/vessel_kinematics/share/ament_index/resource_index/parent_prefix_path/vessel_kinematics
[29.730s] -- Up-to-date: /home/imirdo/marine_ws/src/vessel_kinematics/install/vessel_kinematics/share/vessel_kinematics/environment/ament_prefix_path.sh
[29.730s] -- Up-to-date: /home/imirdo/marine_ws/src/vessel_kinematics/install/vessel_kinematics/share/vessel_kinematics/environment/ament_prefix_path.dsv
[29.730s] -- Up-to-date: /home/imirdo/marine_ws/src/vessel_kinematics/install/vessel_kinematics/share/vessel_kinematics/environment/path.sh
[29.731s] -- Up-to-date: /home/imirdo/marine_ws/src/vessel_kinematics/install/vessel_kinematics/share/vessel_kinematics/environment/path.dsv
[29.731s] -- Up-to-date: /home/imirdo/marine_ws/src/vessel_kinematics/install/vessel_kinematics/share/vessel_kinematics/local_setup.bash
[29.731s] -- Up-to-date: /home/imirdo/marine_ws/src/vessel_kinematics/install/vessel_kinematics/share/vessel_kinematics/local_setup.sh
[29.732s] -- Up-to-date: /home/imirdo/marine_ws/src/vessel_kinematics/install/vessel_kinematics/share/vessel_kinematics/local_setup.zsh
[29.732s] -- Up-to-date: /home/imirdo/marine_ws/src/vessel_kinematics/install/vessel_kinematics/share/vessel_kinematics/local_setup.dsv
[29.733s] -- Installing: /home/imirdo/marine_ws/src/vessel_kinematics/install/vessel_kinematics/share/vessel_kinematics/package.dsv
[29.734s] -- Up-to-date: /home/imirdo/marine_ws/src/vessel_kinematics/install/vessel_kinematics/share/ament_index/resource_index/packages/vessel_kinematics
[29.735s] -- Up-to-date: /home/imirdo/marine_ws/src/vessel_kinematics/install/vessel_kinematics/share/vessel_kinematics/cmake/vessel_kinematicsConfig.cmake
[29.736s] -- Up-to-date: /home/imirdo/marine_ws/src/vessel_kinematics/install/vessel_kinematics/share/vessel_kinematics/cmake/vessel_kinematicsConfig-version.cmake
[29.737s] -- Up-to-date: /home/imirdo/marine_ws/src/vessel_kinematics/install/vessel_kinematics/share/vessel_kinematics/package.xml
[29.737s] Invoked command in '/home/imirdo/marine_ws/src/vessel_kinematics/build/vessel_kinematics' returned '0': CMAKE_PREFIX_PATH=${CMAKE_PREFIX_PATH}:/home/imirdo/turtlebot3_ws/install/turtlebot3_teleop:/home/imirdo/turtlebot3_ws/install/turtlebot3_example:/opt/ros/jazzy DEBUGINFOD_URLS=https://debuginfod.ubuntu.com /usr/bin/cmake --install /home/imirdo/marine_ws/src/vessel_kinematics/build/vessel_kinematics
