[0.182s] DEBUG:colcon:Command line arguments: ['/usr/bin/colcon', 'build', '--cmake-args', '-DCMAKE_EXPORT_COMPILE_COMMANDS=ON']
[0.182s] DEBUG:colcon:Parsed command line arguments: Namespace(log_base=None, log_level=None, verb_name='build', build_base='build', install_base='install', merge_install=False, symlink_install=False, test_result_base=None, continue_on_error=False, executor='parallel', parallel_workers=28, event_handlers=None, ignore_user_meta=False, metas=['./colcon.meta'], base_paths=['.'], packages_ignore=None, packages_ignore_regex=None, paths=None, packages_up_to=None, packages_up_to_regex=None, packages_above=None, packages_above_and_dependencies=None, packages_above_depth=None, packages_select_by_dep=None, packages_skip_by_dep=None, packages_skip_up_to=None, packages_select_build_failed=False, packages_skip_build_finished=False, packages_select_test_failures=False, packages_skip_test_passed=False, packages_select=None, packages_skip=None, packages_select_regex=None, packages_skip_regex=None, packages_start=None, packages_end=None, allow_overriding=[], cmake_args=['-DCMAKE_EXPORT_COMPILE_COMMANDS=ON'], cmake_target=None, cmake_target_skip_unavailable=False, cmake_clean_cache=False, cmake_clean_first=False, cmake_force_configure=False, ament_cmake_args=None, catkin_cmake_args=None, catkin_skip_building_tests=False, mixin_files=None, mixin=None, verb_parser=<colcon_mixin.mixin.mixin_argument.MixinArgumentDecorator object at 0x79252e797740>, verb_extension=<colcon_core.verb.build.BuildVerb object at 0x79252e8bbb00>, main=<bound method BuildVerb.main of <colcon_core.verb.build.BuildVerb object at 0x79252e8bbb00>>, mixin_verb=('build',))
[0.242s] Level 1:colcon.colcon_core.package_discovery:discover_packages(colcon_meta) check parameters
[0.242s] Level 1:colcon.colcon_core.package_discovery:discover_packages(recursive) check parameters
[0.242s] Level 1:colcon.colcon_core.package_discovery:discover_packages(ignore) check parameters
[0.242s] Level 1:colcon.colcon_core.package_discovery:discover_packages(path) check parameters
[0.242s] Level 1:colcon.colcon_core.package_discovery:discover_packages(colcon_meta) discover
[0.242s] Level 1:colcon.colcon_core.package_discovery:discover_packages(recursive) discover
[0.242s] INFO:colcon.colcon_core.package_discovery:Crawling recursively for packages in '/home/imirdo/marine_ws/src/vessel_kinematics'
[0.242s] Level 1:colcon.colcon_core.package_identification:_identify(.) by extensions ['ignore', 'ignore_ament_install']
[0.243s] Level 1:colcon.colcon_core.package_identification:_identify(.) by extension 'ignore'
[0.243s] Level 1:colcon.colcon_core.package_identification:_identify(.) by extension 'ignore_ament_install'
[0.243s] Level 1:colcon.colcon_core.package_identification:_identify(.) by extensions ['colcon_pkg']
[0.243s] Level 1:colcon.colcon_core.package_identification:_identify(.) by extension 'colcon_pkg'
[0.243s] Level 1:colcon.colcon_core.package_identification:_identify(.) by extensions ['colcon_meta']
[0.243s] Level 1:colcon.colcon_core.package_identification:_identify(.) by extension 'colcon_meta'
[0.243s] Level 1:colcon.colcon_core.package_identification:_identify(.) by extensions ['ros']
[0.243s] Level 1:colcon.colcon_core.package_identification:_identify(.) by extension 'ros'
[0.289s] DEBUG:colcon.colcon_core.package_identification:Package '.' with type 'ros.ament_cmake' and name 'vessel_kinematics'
[0.289s] Level 1:colcon.colcon_core.package_discovery:discover_packages(recursive) using defaults
[0.289s] Level 1:colcon.colcon_core.package_discovery:discover_packages(ignore) discover
[0.289s] Level 1:colcon.colcon_core.package_discovery:discover_packages(ignore) using defaults
[0.289s] Level 1:colcon.colcon_core.package_discovery:discover_packages(path) discover
[0.289s] Level 1:colcon.colcon_core.package_discovery:discover_packages(path) using defaults
[0.326s] Level 1:colcon.colcon_core.package_discovery:discover_packages(prefix_path) check parameters
[0.326s] Level 1:colcon.colcon_core.package_discovery:discover_packages(prefix_path) discover
[0.331s] DEBUG:colcon.colcon_installed_package_information.package_discovery:Found 15 installed packages in /home/imirdo/turtlebot3_ws/install
[0.339s] DEBUG:colcon.colcon_installed_package_information.package_discovery:Found 403 installed packages in /opt/ros/jazzy
[0.341s] Level 1:colcon.colcon_core.package_discovery:discover_packages(prefix_path) using defaults
[0.464s] Level 5:colcon.colcon_core.verb:set package 'vessel_kinematics' build argument 'cmake_args' from command line to '['-DCMAKE_EXPORT_COMPILE_COMMANDS=ON']'
[0.464s] Level 5:colcon.colcon_core.verb:set package 'vessel_kinematics' build argument 'cmake_target' from command line to 'None'
[0.464s] Level 5:colcon.colcon_core.verb:set package 'vessel_kinematics' build argument 'cmake_target_skip_unavailable' from command line to 'False'
[0.464s] Level 5:colcon.colcon_core.verb:set package 'vessel_kinematics' build argument 'cmake_clean_cache' from command line to 'False'
[0.464s] Level 5:colcon.colcon_core.verb:set package 'vessel_kinematics' build argument 'cmake_clean_first' from command line to 'False'
[0.464s] Level 5:colcon.colcon_core.verb:set package 'vessel_kinematics' build argument 'cmake_force_configure' from command line to 'False'
[0.464s] Level 5:colcon.colcon_core.verb:set package 'vessel_kinematics' build argument 'ament_cmake_args' from command line to 'None'
[0.464s] Level 5:colcon.colcon_core.verb:set package 'vessel_kinematics' build argument 'catkin_cmake_args' from command line to 'None'
[0.464s] Level 5:colcon.colcon_core.verb:set package 'vessel_kinematics' build argument 'catkin_skip_building_tests' from command line to 'False'
[0.464s] DEBUG:colcon.colcon_core.verb:Building package 'vessel_kinematics' with the following arguments: {'ament_cmake_args': None, 'build_base': '/home/imirdo/marine_ws/src/vessel_kinematics/build/vessel_kinematics', 'catkin_cmake_args': None, 'catkin_skip_building_tests': False, 'cmake_args': ['-DCMAKE_EXPORT_COMPILE_COMMANDS=ON'], 'cmake_clean_cache': False, 'cmake_clean_first': False, 'cmake_force_configure': False, 'cmake_target': None, 'cmake_target_skip_unavailable': False, 'install_base': '/home/imirdo/marine_ws/src/vessel_kinematics/install/vessel_kinematics', 'merge_install': False, 'path': '/home/imirdo/marine_ws/src/vessel_kinematics', 'symlink_install': False, 'test_result_base': None}
[0.465s] INFO:colcon.colcon_core.executor:Executing jobs using 'parallel' executor
[0.467s] DEBUG:colcon.colcon_parallel_executor.executor.parallel:run_until_complete
[0.467s] INFO:colcon.colcon_ros.task.ament_cmake.build:Building ROS package in '/home/imirdo/marine_ws/src/vessel_kinematics' with build type 'ament_cmake'
[0.467s] INFO:colcon.colcon_cmake.task.cmake.build:Building CMake package in '/home/imirdo/marine_ws/src/vessel_kinematics'
[0.473s] INFO:colcon.colcon_core.plugin_system:Skipping extension 'colcon_core.shell.bat': Not used on non-Windows systems
[0.473s] INFO:colcon.colcon_core.shell:Skip shell extension 'powershell' for command environment: Not usable outside of PowerShell
[0.473s] DEBUG:colcon.colcon_core.shell:Skip shell extension 'dsv' for command environment
[0.495s] DEBUG:colcon.colcon_core.event_handler.log_command:Invoking command in '/home/imirdo/marine_ws/src/vessel_kinematics/build/vessel_kinematics': CMAKE_PREFIX_PATH=${CMAKE_PREFIX_PATH}:/home/imirdo/turtlebot3_ws/install/turtlebot3_teleop:/home/imirdo/turtlebot3_ws/install/turtlebot3_example:/opt/ros/jazzy DEBUGINFOD_URLS=https://debuginfod.ubuntu.com /usr/bin/cmake /home/imirdo/marine_ws/src/vessel_kinematics -DCMAKE_EXPORT_COMPILE_COMMANDS=ON -DCMAKE_INSTALL_PREFIX=/home/imirdo/marine_ws/src/vessel_kinematics/install/vessel_kinematics
[4.568s] DEBUG:colcon.colcon_core.event_handler.log_command:Invoked command in '/home/imirdo/marine_ws/src/vessel_kinematics/build/vessel_kinematics' returned '0': CMAKE_PREFIX_PATH=${CMAKE_PREFIX_PATH}:/home/imirdo/turtlebot3_ws/install/turtlebot3_teleop:/home/imirdo/turtlebot3_ws/install/turtlebot3_example:/opt/ros/jazzy DEBUGINFOD_URLS=https://debuginfod.ubuntu.com /usr/bin/cmake /home/imirdo/marine_ws/src/vessel_kinematics -DCMAKE_EXPORT_COMPILE_COMMANDS=ON -DCMAKE_INSTALL_PREFIX=/home/imirdo/marine_ws/src/vessel_kinematics/install/vessel_kinematics
[4.573s] DEBUG:colcon.colcon_core.event_handler.log_command:Invoking command in '/home/imirdo/marine_ws/src/vessel_kinematics/build/vessel_kinematics': CMAKE_PREFIX_PATH=${CMAKE_PREFIX_PATH}:/home/imirdo/turtlebot3_ws/install/turtlebot3_teleop:/home/imirdo/turtlebot3_ws/install/turtlebot3_example:/opt/ros/jazzy DEBUGINFOD_URLS=https://debuginfod.ubuntu.com /usr/bin/cmake --build /home/imirdo/marine_ws/src/vessel_kinematics/build/vessel_kinematics -- -j28 -l28
[36.158s] DEBUG:colcon.colcon_core.event_handler.log_command:Invoked command in '/home/imirdo/marine_ws/src/vessel_kinematics/build/vessel_kinematics' returned '0': CMAKE_PREFIX_PATH=${CMAKE_PREFIX_PATH}:/home/imirdo/turtlebot3_ws/install/turtlebot3_teleop:/home/imirdo/turtlebot3_ws/install/turtlebot3_example:/opt/ros/jazzy DEBUGINFOD_URLS=https://debuginfod.ubuntu.com /usr/bin/cmake --build /home/imirdo/marine_ws/src/vessel_kinematics/build/vessel_kinematics -- -j28 -l28
[36.180s] DEBUG:colcon.colcon_core.event_handler.log_command:Invoking command in '/home/imirdo/marine_ws/src/vessel_kinematics/build/vessel_kinematics': CMAKE_PREFIX_PATH=${CMAKE_PREFIX_PATH}:/home/imirdo/turtlebot3_ws/install/turtlebot3_teleop:/home/imirdo/turtlebot3_ws/install/turtlebot3_example:/opt/ros/jazzy DEBUGINFOD_URLS=https://debuginfod.ubuntu.com /usr/bin/cmake --install /home/imirdo/marine_ws/src/vessel_kinematics/build/vessel_kinematics
[36.238s] Level 1:colcon.colcon_core.environment:create_environment_scripts_only(vessel_kinematics)
[36.240s] DEBUG:colcon.colcon_core.event_handler.log_command:Invoked command in '/home/imirdo/marine_ws/src/vessel_kinematics/build/vessel_kinematics' returned '0': CMAKE_PREFIX_PATH=${CMAKE_PREFIX_PATH}:/home/imirdo/turtlebot3_ws/install/turtlebot3_teleop:/home/imirdo/turtlebot3_ws/install/turtlebot3_example:/opt/ros/jazzy DEBUGINFOD_URLS=https://debuginfod.ubuntu.com /usr/bin/cmake --install /home/imirdo/marine_ws/src/vessel_kinematics/build/vessel_kinematics
[36.245s] Level 1:colcon.colcon_core.environment:checking '/home/imirdo/marine_ws/src/vessel_kinematics/install/vessel_kinematics' for CMake module files
[36.246s] Level 1:colcon.colcon_core.environment:checking '/home/imirdo/marine_ws/src/vessel_kinematics/install/vessel_kinematics' for CMake config files
[36.246s] Level 1:colcon.colcon_core.shell:create_environment_hook('vessel_kinematics', 'cmake_prefix_path')
[36.247s] INFO:colcon.colcon_core.shell:Creating environment hook '/home/imirdo/marine_ws/src/vessel_kinematics/install/vessel_kinematics/share/vessel_kinematics/hook/cmake_prefix_path.ps1'
[36.248s] INFO:colcon.colcon_core.shell:Creating environment descriptor '/home/imirdo/marine_ws/src/vessel_kinematics/install/vessel_kinematics/share/vessel_kinematics/hook/cmake_prefix_path.dsv'
[36.249s] INFO:colcon.colcon_core.shell:Creating environment hook '/home/imirdo/marine_ws/src/vessel_kinematics/install/vessel_kinematics/share/vessel_kinematics/hook/cmake_prefix_path.sh'
[36.250s] Level 1:colcon.colcon_core.environment:checking '/home/imirdo/marine_ws/src/vessel_kinematics/install/vessel_kinematics/lib'
[36.250s] Level 1:colcon.colcon_core.environment:checking '/home/imirdo/marine_ws/src/vessel_kinematics/install/vessel_kinematics/bin'
[36.251s] Level 1:colcon.colcon_core.environment:checking '/home/imirdo/marine_ws/src/vessel_kinematics/install/vessel_kinematics/lib/pkgconfig/vessel_kinematics.pc'
[36.251s] Level 1:colcon.colcon_core.environment:checking '/home/imirdo/marine_ws/src/vessel_kinematics/install/vessel_kinematics/lib/python3.12/site-packages'
[36.251s] Level 1:colcon.colcon_core.environment:checking '/home/imirdo/marine_ws/src/vessel_kinematics/install/vessel_kinematics/bin'
[36.252s] INFO:colcon.colcon_core.shell:Creating package script '/home/imirdo/marine_ws/src/vessel_kinematics/install/vessel_kinematics/share/vessel_kinematics/package.ps1'
[36.253s] INFO:colcon.colcon_core.shell:Creating package descriptor '/home/imirdo/marine_ws/src/vessel_kinematics/install/vessel_kinematics/share/vessel_kinematics/package.dsv'
[36.253s] INFO:colcon.colcon_core.shell:Creating package script '/home/imirdo/marine_ws/src/vessel_kinematics/install/vessel_kinematics/share/vessel_kinematics/package.sh'
[36.254s] INFO:colcon.colcon_core.shell:Creating package script '/home/imirdo/marine_ws/src/vessel_kinematics/install/vessel_kinematics/share/vessel_kinematics/package.bash'
[36.255s] INFO:colcon.colcon_core.shell:Creating package script '/home/imirdo/marine_ws/src/vessel_kinematics/install/vessel_kinematics/share/vessel_kinematics/package.zsh'
[36.256s] Level 1:colcon.colcon_core.environment:create_file_with_runtime_dependencies(/home/imirdo/marine_ws/src/vessel_kinematics/install/vessel_kinematics/share/colcon-core/packages/vessel_kinematics)
[36.257s] Level 1:colcon.colcon_core.environment:create_environment_scripts_only(vessel_kinematics)
[36.257s] Level 1:colcon.colcon_core.environment:checking '/home/imirdo/marine_ws/src/vessel_kinematics/install/vessel_kinematics' for CMake module files
[36.258s] Level 1:colcon.colcon_core.environment:checking '/home/imirdo/marine_ws/src/vessel_kinematics/install/vessel_kinematics' for CMake config files
[36.259s] Level 1:colcon.colcon_core.shell:create_environment_hook('vessel_kinematics', 'cmake_prefix_path')
[36.259s] INFO:colcon.colcon_core.shell:Creating environment hook '/home/imirdo/marine_ws/src/vessel_kinematics/install/vessel_kinematics/share/vessel_kinematics/hook/cmake_prefix_path.ps1'
[36.260s] INFO:colcon.colcon_core.shell:Creating environment descriptor '/home/imirdo/marine_ws/src/vessel_kinematics/install/vessel_kinematics/share/vessel_kinematics/hook/cmake_prefix_path.dsv'
[36.261s] INFO:colcon.colcon_core.shell:Creating environment hook '/home/imirdo/marine_ws/src/vessel_kinematics/install/vessel_kinematics/share/vessel_kinematics/hook/cmake_prefix_path.sh'
[36.262s] Level 1:colcon.colcon_core.environment:checking '/home/imirdo/marine_ws/src/vessel_kinematics/install/vessel_kinematics/lib'
[36.263s] Level 1:colcon.colcon_core.environment:checking '/home/imirdo/marine_ws/src/vessel_kinematics/install/vessel_kinematics/bin'
[36.263s] Level 1:colcon.colcon_core.environment:checking '/home/imirdo/marine_ws/src/vessel_kinematics/install/vessel_kinematics/lib/pkgconfig/vessel_kinematics.pc'
[36.264s] Level 1:colcon.colcon_core.environment:checking '/home/imirdo/marine_ws/src/vessel_kinematics/install/vessel_kinematics/lib/python3.12/site-packages'
[36.265s] Level 1:colcon.colcon_core.environment:checking '/home/imirdo/marine_ws/src/vessel_kinematics/install/vessel_kinematics/bin'
[36.265s] INFO:colcon.colcon_core.shell:Creating package script '/home/imirdo/marine_ws/src/vessel_kinematics/install/vessel_kinematics/share/vessel_kinematics/package.ps1'
[36.267s] INFO:colcon.colcon_core.shell:Creating package descriptor '/home/imirdo/marine_ws/src/vessel_kinematics/install/vessel_kinematics/share/vessel_kinematics/package.dsv'
[36.268s] INFO:colcon.colcon_core.shell:Creating package script '/home/imirdo/marine_ws/src/vessel_kinematics/install/vessel_kinematics/share/vessel_kinematics/package.sh'
[36.270s] INFO:colcon.colcon_core.shell:Creating package script '/home/imirdo/marine_ws/src/vessel_kinematics/install/vessel_kinematics/share/vessel_kinematics/package.bash'
[36.271s] INFO:colcon.colcon_core.shell:Creating package script '/home/imirdo/marine_ws/src/vessel_kinematics/install/vessel_kinematics/share/vessel_kinematics/package.zsh'
[36.271s] Level 1:colcon.colcon_core.environment:create_file_with_runtime_dependencies(/home/imirdo/marine_ws/src/vessel_kinematics/install/vessel_kinematics/share/colcon-core/packages/vessel_kinematics)
[36.272s] DEBUG:colcon.colcon_parallel_executor.executor.parallel:closing loop
[36.273s] DEBUG:colcon.colcon_parallel_executor.executor.parallel:loop closed
[36.274s] DEBUG:colcon.colcon_parallel_executor.executor.parallel:run_until_complete finished with '0'
[36.274s] DEBUG:colcon.colcon_core.event_reactor:joining thread
[36.287s] INFO:colcon.colcon_core.plugin_system:Skipping extension 'colcon_notification.desktop_notification.terminal_notifier': Not used on non-Darwin systems
[36.287s] INFO:colcon.colcon_core.plugin_system:Skipping extension 'colcon_notification.desktop_notification.win32': Not used on non-Windows systems
[36.287s] INFO:colcon.colcon_notification.desktop_notification:Sending desktop notification using 'notify2'
[36.398s] DEBUG:colcon.colcon_core.event_reactor:joined thread
[36.399s] INFO:colcon.colcon_core.shell:Creating prefix script '/home/imirdo/marine_ws/src/vessel_kinematics/install/local_setup.ps1'
[36.401s] INFO:colcon.colcon_core.shell:Creating prefix util module '/home/imirdo/marine_ws/src/vessel_kinematics/install/_local_setup_util_ps1.py'
[36.403s] INFO:colcon.colcon_core.shell:Creating prefix chain script '/home/imirdo/marine_ws/src/vessel_kinematics/install/setup.ps1'
[36.406s] INFO:colcon.colcon_core.shell:Creating prefix script '/home/imirdo/marine_ws/src/vessel_kinematics/install/local_setup.sh'
[36.407s] INFO:colcon.colcon_core.shell:Creating prefix util module '/home/imirdo/marine_ws/src/vessel_kinematics/install/_local_setup_util_sh.py'
[36.409s] INFO:colcon.colcon_core.shell:Creating prefix chain script '/home/imirdo/marine_ws/src/vessel_kinematics/install/setup.sh'
[36.412s] INFO:colcon.colcon_core.shell:Creating prefix script '/home/imirdo/marine_ws/src/vessel_kinematics/install/local_setup.bash'
[36.413s] INFO:colcon.colcon_core.shell:Creating prefix chain script '/home/imirdo/marine_ws/src/vessel_kinematics/install/setup.bash'
[36.416s] INFO:colcon.colcon_core.shell:Creating prefix script '/home/imirdo/marine_ws/src/vessel_kinematics/install/local_setup.zsh'
[36.417s] INFO:colcon.colcon_core.shell:Creating prefix chain script '/home/imirdo/marine_ws/src/vessel_kinematics/install/setup.zsh'
