[0.013s] Invoking command in '/home/imirdo/marine_ws/src/vessel_kinematics/build/vessel_kinematics': CMAKE_PREFIX_PATH=${CMAKE_PREFIX_PATH}:/home/imirdo/turtlebot3_ws/install/turtlebot3_teleop:/home/imirdo/turtlebot3_ws/install/turtlebot3_example:/opt/ros/jazzy DEBUGINFOD_URLS=https://debuginfod.ubuntu.com /usr/bin/cmake /home/imirdo/marine_ws/src/vessel_kinematics -Wno-dev -DCMAKE_INSTALL_PREFIX=/home/imirdo/marine_ws/src/vessel_kinematics/install/vessel_kinematics
[0.125s] -- The C compiler identification is GNU 13.3.0
[0.210s] -- The CXX compiler identification is GNU 13.3.0
[0.241s] -- Detecting C compiler ABI info
[0.380s] -- Detecting C compiler ABI info - done
[0.397s] -- Check for working C compiler: /usr/bin/cc - skipped
[0.397s] -- Detecting C compile features
[0.397s] -- Detecting C compile features - done
[0.413s] -- Detecting CXX compiler ABI info
[0.597s] -- Detecting CXX compiler ABI info - done
[0.611s] -- Check for working CXX compiler: /usr/bin/c++ - skipped
[0.611s] -- Detecting CXX compile features
[0.612s] -- Detecting CXX compile features - done
[0.624s] -- Found ament_cmake: 2.5.4 (/opt/ros/jazzy/share/ament_cmake/cmake)
[0.887s] -- Found Python3: /usr/bin/python3 (found version "3.12.3") found components: Interpreter 
[1.105s] -- Found rclcpp: 28.1.11 (/opt/ros/jazzy/share/rclcpp/cmake)
[1.201s] -- Found rosidl_generator_c: 4.6.6 (/opt/ros/jazzy/share/rosidl_generator_c/cmake)
[1.231s] -- Found rosidl_generator_cpp: 4.6.6 (/opt/ros/jazzy/share/rosidl_generator_cpp/cmake)
[1.269s] -- Using all available rosidl_typesupport_c: rosidl_typesupport_fastrtps_c;rosidl_typesupport_introspection_c
[1.299s] -- Using all available rosidl_typesupport_cpp: rosidl_typesupport_fastrtps_cpp;rosidl_typesupport_introspection_cpp
[1.446s] -- Found rmw_implementation_cmake: 7.3.2 (/opt/ros/jazzy/share/rmw_implementation_cmake/cmake)
[1.455s] -- Found rmw_fastrtps_cpp: 8.4.3 (/opt/ros/jazzy/share/rmw_fastrtps_cpp/cmake)
[1.666s] -- Found OpenSSL: /usr/lib/x86_64-linux-gnu/libcrypto.so (found version "3.0.13")  
[1.706s] -- Found FastRTPS: /opt/ros/jazzy/include (Required is at least version "2.13") 
[1.748s] -- Using RMW implementation 'rmw_fastrtps_cpp' as default
[1.894s] -- Found geometry_msgs: 5.3.6 (/opt/ros/jazzy/share/geometry_msgs/cmake)
[1.963s] -- Found nav_msgs: 5.3.6 (/opt/ros/jazzy/share/nav_msgs/cmake)
[2.023s] -- Found tf2_ros: 0.36.14 (/opt/ros/jazzy/share/tf2_ros/cmake)
[2.346s] -- Found osqp_vendor: 0.2.0 (/opt/ros/jazzy/share/osqp_vendor/cmake)
[2.368s] -- Found ament_lint_auto: 0.17.3 (/opt/ros/jazzy/share/ament_lint_auto/cmake)
[2.773s] -- Added test 'cppcheck' to perform static code analysis on C / C++ code
[2.774s] -- Configured cppcheck include dirs: $<BUILD_INTERFACE:/home/imirdo/marine_ws/src/vessel_kinematics/include>
[2.774s] -- Configured cppcheck exclude dirs and/or files: 
[2.786s] -- Added test 'flake8' to check Python code syntax and style conventions
[2.786s] -- Configured 'flake8' exclude dirs and/or files: 
[2.808s] -- Added test 'lint_cmake' to check CMake code style
[2.819s] -- Added test 'pep257' to check Python code against some of the docstring style conventions in PEP 257
[2.907s] -- Added test 'uncrustify' to check C / C++ code style
[2.907s] -- Configured uncrustify additional arguments: 
[2.918s] -- Added test 'xmllint' to check XML markup files
[2.922s] -- Configuring done (2.9s)
[2.977s] -- Generating done (0.0s)
[2.994s] -- Build files have been written to: /home/imirdo/marine_ws/src/vessel_kinematics/build/vessel_kinematics
[3.011s] Invoked command in '/home/imirdo/marine_ws/src/vessel_kinematics/build/vessel_kinematics' returned '0': CMAKE_PREFIX_PATH=${CMAKE_PREFIX_PATH}:/home/imirdo/turtlebot3_ws/install/turtlebot3_teleop:/home/imirdo/turtlebot3_ws/install/turtlebot3_example:/opt/ros/jazzy DEBUGINFOD_URLS=https://debuginfod.ubuntu.com /usr/bin/cmake /home/imirdo/marine_ws/src/vessel_kinematics -Wno-dev -DCMAKE_INSTALL_PREFIX=/home/imirdo/marine_ws/src/vessel_kinematics/install/vessel_kinematics
[3.013s] Invoking command in '/home/imirdo/marine_ws/src/vessel_kinematics/build/vessel_kinematics': CMAKE_PREFIX_PATH=${CMAKE_PREFIX_PATH}:/home/imirdo/turtlebot3_ws/install/turtlebot3_teleop:/home/imirdo/turtlebot3_ws/install/turtlebot3_example:/opt/ros/jazzy DEBUGINFOD_URLS=https://debuginfod.ubuntu.com /usr/bin/cmake --build /home/imirdo/marine_ws/src/vessel_kinematics/build/vessel_kinematics -- -j28 -l28
[3.121s] [  8%] [32mBuilding CXX object CMakeFiles/vessel_lib.dir/src/thrust_allocator.cpp.o[0m
[3.126s] [ 16%] [32mBuilding CXX object CMakeFiles/milliampere_dynamics_node.dir/src/milliampere_dynamics_node.cpp.o[0m
[6.402s] [ 25%] [32m[1mLinking CXX static library libvessel_lib.a[0m
[6.478s] [ 25%] Built target vessel_lib
[6.520s] [ 33%] [32mBuilding CXX object CMakeFiles/pid_controller_node.dir/src/pid_controller_node.cpp.o[0m
[6.521s] [ 41%] [32mBuilding CXX object CMakeFiles/thrust_allocator_node.dir/src/thrust_allocator_node.cpp.o[0m
[6.522s] [ 58%] [32mBuilding CXX object CMakeFiles/mpc_controller_node.dir/src/mpc_controller_node.cpp.o[0m
[6.522s] [ 58%] [32mBuilding CXX object CMakeFiles/disturbances_node.dir/src/disturbances_node.cpp.o[0m
[16.778s] [ 66%] [32m[1mLinking CXX executable disturbances_node[0m
[17.166s] [ 66%] Built target disturbances_node
[21.181s] [ 75%] [32m[1mLinking CXX executable thrust_allocator_node[0m
[21.720s] [ 75%] Built target thrust_allocator_node
[23.280s] [ 83%] [32m[1mLinking CXX executable milliampere_dynamics_node[0m
[24.006s] [ 83%] Built target milliampere_dynamics_node
[24.710s] [ 91%] [32m[1mLinking CXX executable mpc_controller_node[0m
[25.334s] [ 91%] Built target mpc_controller_node
[25.759s] [100%] [32m[1mLinking CXX executable pid_controller_node[0m
[26.382s] [100%] Built target pid_controller_node
[26.399s] Invoked command in '/home/imirdo/marine_ws/src/vessel_kinematics/build/vessel_kinematics' returned '0': CMAKE_PREFIX_PATH=${CMAKE_PREFIX_PATH}:/home/imirdo/turtlebot3_ws/install/turtlebot3_teleop:/home/imirdo/turtlebot3_ws/install/turtlebot3_example:/opt/ros/jazzy DEBUGINFOD_URLS=https://debuginfod.ubuntu.com /usr/bin/cmake --build /home/imirdo/marine_ws/src/vessel_kinematics/build/vessel_kinematics -- -j28 -l28
[26.412s] Invoking command in '/home/imirdo/marine_ws/src/vessel_kinematics/build/vessel_kinematics': CMAKE_PREFIX_PATH=${CMAKE_PREFIX_PATH}:/home/imirdo/turtlebot3_ws/install/turtlebot3_teleop:/home/imirdo/turtlebot3_ws/install/turtlebot3_example:/opt/ros/jazzy DEBUGINFOD_URLS=https://debuginfod.ubuntu.com /usr/bin/cmake --install /home/imirdo/marine_ws/src/vessel_kinematics/build/vessel_kinematics
[26.422s] -- Install configuration: ""
[26.422s] -- Installing: /home/imirdo/marine_ws/src/vessel_kinematics/install/vessel_kinematics/lib/vessel_kinematics/thrust_allocator_node
[26.429s] -- Set non-toolchain portion of runtime path of "/home/imirdo/marine_ws/src/vessel_kinematics/install/vessel_kinematics/lib/vessel_kinematics/thrust_allocator_node" to ""
[26.430s] -- Installing: /home/imirdo/marine_ws/src/vessel_kinematics/install/vessel_kinematics/lib/vessel_kinematics/pid_controller_node
[26.440s] -- Set non-toolchain portion of runtime path of "/home/imirdo/marine_ws/src/vessel_kinematics/install/vessel_kinematics/lib/vessel_kinematics/pid_controller_node" to ""
[26.440s] -- Installing: /home/imirdo/marine_ws/src/vessel_kinematics/install/vessel_kinematics/lib/vessel_kinematics/mpc_controller_node
[26.450s] -- Set non-toolchain portion of runtime path of "/home/imirdo/marine_ws/src/vessel_kinematics/install/vessel_kinematics/lib/vessel_kinematics/mpc_controller_node" to ""
[26.451s] -- Installing: /home/imirdo/marine_ws/src/vessel_kinematics/install/vessel_kinematics/lib/vessel_kinematics/disturbances_node
[26.453s] -- Set non-toolchain portion of runtime path of "/home/imirdo/marine_ws/src/vessel_kinematics/install/vessel_kinematics/lib/vessel_kinematics/disturbances_node" to ""
[26.453s] -- Installing: /home/imirdo/marine_ws/src/vessel_kinematics/install/vessel_kinematics/lib/vessel_kinematics/milliampere_dynamics_node
[26.463s] -- Set non-toolchain portion of runtime path of "/home/imirdo/marine_ws/src/vessel_kinematics/install/vessel_kinematics/lib/vessel_kinematics/milliampere_dynamics_node" to ""
[26.463s] -- Up-to-date: /home/imirdo/marine_ws/src/vessel_kinematics/install/vessel_kinematics/lib/vessel_kinematics/thrust_allocator_node
[26.463s] -- Up-to-date: /home/imirdo/marine_ws/src/vessel_kinematics/install/vessel_kinematics/lib/vessel_kinematics/pid_controller_node
[26.464s] -- Up-to-date: /home/imirdo/marine_ws/src/vessel_kinematics/install/vessel_kinematics/lib/vessel_kinematics/mpc_controller_node
[26.464s] -- Up-to-date: /home/imirdo/marine_ws/src/vessel_kinematics/install/vessel_kinematics/lib/vessel_kinematics/disturbances_node
[26.465s] -- Installing: /home/imirdo/marine_ws/src/vessel_kinematics/install/vessel_kinematics/share/vessel_kinematics/launch
[26.465s] -- Installing: /home/imirdo/marine_ws/src/vessel_kinematics/install/vessel_kinematics/share/vessel_kinematics/launch/vessel.launch.py
[26.465s] -- Installing: /home/imirdo/marine_ws/src/vessel_kinematics/install/vessel_kinematics/share/vessel_kinematics/rviz
[26.465s] -- Installing: /home/imirdo/marine_ws/src/vessel_kinematics/install/vessel_kinematics/share/vessel_kinematics/rviz/vessel.rviz
[26.465s] -- Installing: /home/imirdo/marine_ws/src/vessel_kinematics/install/vessel_kinematics/share/vessel_kinematics/urdf
[26.466s] -- Installing: /home/imirdo/marine_ws/src/vessel_kinematics/install/vessel_kinematics/share/vessel_kinematics/urdf/milliampere.urdf.xacro
[26.466s] -- Installing: /home/imirdo/marine_ws/src/vessel_kinematics/install/vessel_kinematics/share/vessel_kinematics/urdf/vessel_prism.urdf.xacro
[26.466s] -- Installing: /home/imirdo/marine_ws/src/vessel_kinematics/install/vessel_kinematics/share/ament_index/resource_index/package_run_dependencies/vessel_kinematics
[26.466s] -- Installing: /home/imirdo/marine_ws/src/vessel_kinematics/install/vessel_kinematics/share/ament_index/resource_index/parent_prefix_path/vessel_kinematics
[26.466s] -- Installing: /home/imirdo/marine_ws/src/vessel_kinematics/install/vessel_kinematics/share/vessel_kinematics/environment/ament_prefix_path.sh
[26.467s] -- Installing: /home/imirdo/marine_ws/src/vessel_kinematics/install/vessel_kinematics/share/vessel_kinematics/environment/ament_prefix_path.dsv
[26.467s] -- Installing: /home/imirdo/marine_ws/src/vessel_kinematics/install/vessel_kinematics/share/vessel_kinematics/environment/path.sh
[26.467s] -- Installing: /home/imirdo/marine_ws/src/vessel_kinematics/install/vessel_kinematics/share/vessel_kinematics/environment/path.dsv
[26.467s] -- Installing: /home/imirdo/marine_ws/src/vessel_kinematics/install/vessel_kinematics/share/vessel_kinematics/local_setup.bash
[26.467s] -- Installing: /home/imirdo/marine_ws/src/vessel_kinematics/install/vessel_kinematics/share/vessel_kinematics/local_setup.sh
[26.468s] -- Installing: /home/imirdo/marine_ws/src/vessel_kinematics/install/vessel_kinematics/share/vessel_kinematics/local_setup.zsh
[26.468s] -- Installing: /home/imirdo/marine_ws/src/vessel_kinematics/install/vessel_kinematics/share/vessel_kinematics/local_setup.dsv
[26.468s] -- Installing: /home/imirdo/marine_ws/src/vessel_kinematics/install/vessel_kinematics/share/vessel_kinematics/package.dsv
[26.468s] -- Installing: /home/imirdo/marine_ws/src/vessel_kinematics/install/vessel_kinematics/share/ament_index/resource_index/packages/vessel_kinematics
[26.468s] -- Installing: /home/imirdo/marine_ws/src/vessel_kinematics/install/vessel_kinematics/share/vessel_kinematics/cmake/vessel_kinematicsConfig.cmake
[26.468s] -- Installing: /home/imirdo/marine_ws/src/vessel_kinematics/install/vessel_kinematics/share/vessel_kinematics/cmake/vessel_kinematicsConfig-version.cmake
[26.468s] -- Installing: /home/imirdo/marine_ws/src/vessel_kinematics/install/vessel_kinematics/share/vessel_kinematics/package.xml
[26.471s] Invoked command in '/home/imirdo/marine_ws/src/vessel_kinematics/build/vessel_kinematics' returned '0': CMAKE_PREFIX_PATH=${CMAKE_PREFIX_PATH}:/home/imirdo/turtlebot3_ws/install/turtlebot3_teleop:/home/imirdo/turtlebot3_ws/install/turtlebot3_example:/opt/ros/jazzy DEBUGINFOD_URLS=https://debuginfod.ubuntu.com /usr/bin/cmake --install /home/imirdo/marine_ws/src/vessel_kinematics/build/vessel_kinematics
