[0.025s] Invoking command in '/home/imirdo/marine_ws/src/vessel_kinematics/build/vessel_kinematics': CMAKE_PREFIX_PATH=${CMAKE_PREFIX_PATH}:/home/imirdo/turtlebot3_ws/install/turtlebot3_teleop:/home/imirdo/turtlebot3_ws/install/turtlebot3_example:/opt/ros/jazzy DEBUGINFOD_URLS=https://debuginfod.ubuntu.com /usr/bin/cmake /home/imirdo/marine_ws/src/vessel_kinematics -DCMAKE_EXPORT_COMPILE_COMMANDS=ON -DCMAKE_INSTALL_PREFIX=/home/imirdo/marine_ws/src/vessel_kinematics/install/vessel_kinematics
[0.198s] -- The C compiler identification is GNU 13.3.0
[0.346s] -- The CXX compiler identification is GNU 13.3.0
[0.397s] -- Detecting C compiler ABI info
[0.616s] -- Detecting C compiler ABI info - done
[0.646s] -- Check for working C compiler: /usr/bin/cc - skipped
[0.655s] -- Detecting C compile features
[0.657s] -- Detecting C compile features - done
[0.684s] -- Detecting CXX compiler ABI info
[0.924s] -- Detecting CXX compiler ABI info - done
[0.955s] -- Check for working CXX compiler: /usr/bin/c++ - skipped
[0.956s] -- Detecting CXX compile features
[0.957s] -- Detecting CXX compile features - done
[0.978s] -- Found ament_cmake: 2.5.4 (/opt/ros/jazzy/share/ament_cmake/cmake)
[1.394s] -- Found Python3: /usr/bin/python3 (found version "3.12.3") found components: Interpreter 
[1.736s] -- Found rclcpp: 28.1.11 (/opt/ros/jazzy/share/rclcpp/cmake)
[1.921s] -- Found rosidl_generator_c: 4.6.6 (/opt/ros/jazzy/share/rosidl_generator_c/cmake)
[1.981s] -- Found rosidl_generator_cpp: 4.6.6 (/opt/ros/jazzy/share/rosidl_generator_cpp/cmake)
[2.050s] -- Using all available rosidl_typesupport_c: rosidl_typesupport_fastrtps_c;rosidl_typesupport_introspection_c
[2.118s] -- Using all available rosidl_typesupport_cpp: rosidl_typesupport_fastrtps_cpp;rosidl_typesupport_introspection_cpp
[2.403s] -- Found rmw_implementation_cmake: 7.3.2 (/opt/ros/jazzy/share/rmw_implementation_cmake/cmake)
[2.418s] -- Found rmw_fastrtps_cpp: 8.4.3 (/opt/ros/jazzy/share/rmw_fastrtps_cpp/cmake)
[2.701s] -- Found OpenSSL: /usr/lib/x86_64-linux-gnu/libcrypto.so (found version "3.0.13")  
[2.771s] -- Found FastRTPS: /opt/ros/jazzy/include (Required is at least version "2.13") 
[2.848s] -- Using RMW implementation 'rmw_fastrtps_cpp' as default
[3.119s] -- Found geometry_msgs: 5.3.6 (/opt/ros/jazzy/share/geometry_msgs/cmake)
[3.200s] -- Found nav_msgs: 5.3.6 (/opt/ros/jazzy/share/nav_msgs/cmake)
[3.278s] -- Found tf2_ros: 0.36.14 (/opt/ros/jazzy/share/tf2_ros/cmake)
[3.646s] -- Found osqp_vendor: 0.2.0 (/opt/ros/jazzy/share/osqp_vendor/cmake)
[3.661s] -- Found ament_lint_auto: 0.17.3 (/opt/ros/jazzy/share/ament_lint_auto/cmake)
[3.963s] -- Added test 'cppcheck' to perform static code analysis on C / C++ code
[3.963s] -- Configured cppcheck include dirs: $<BUILD_INTERFACE:/home/imirdo/marine_ws/src/vessel_kinematics/include>
[3.963s] -- Configured cppcheck exclude dirs and/or files: 
[3.970s] -- Added test 'flake8' to check Python code syntax and style conventions
[3.970s] -- Configured 'flake8' exclude dirs and/or files: 
[3.979s] -- Added test 'lint_cmake' to check CMake code style
[3.985s] -- Added test 'pep257' to check Python code against some of the docstring style conventions in PEP 257
[4.021s] -- Added test 'uncrustify' to check C / C++ code style
[4.021s] -- Configured uncrustify additional arguments: 
[4.027s] -- Added test 'xmllint' to check XML markup files
[4.031s] -- Configuring done (4.0s)
[4.063s] -- Generating done (0.0s)
[4.074s] -- Build files have been written to: /home/imirdo/marine_ws/src/vessel_kinematics/build/vessel_kinematics
[4.098s] Invoked command in '/home/imirdo/marine_ws/src/vessel_kinematics/build/vessel_kinematics' returned '0': CMAKE_PREFIX_PATH=${CMAKE_PREFIX_PATH}:/home/imirdo/turtlebot3_ws/install/turtlebot3_teleop:/home/imirdo/turtlebot3_ws/install/turtlebot3_example:/opt/ros/jazzy DEBUGINFOD_URLS=https://debuginfod.ubuntu.com /usr/bin/cmake /home/imirdo/marine_ws/src/vessel_kinematics -DCMAKE_EXPORT_COMPILE_COMMANDS=ON -DCMAKE_INSTALL_PREFIX=/home/imirdo/marine_ws/src/vessel_kinematics/install/vessel_kinematics
[4.102s] Invoking command in '/home/imirdo/marine_ws/src/vessel_kinematics/build/vessel_kinematics': CMAKE_PREFIX_PATH=${CMAKE_PREFIX_PATH}:/home/imirdo/turtlebot3_ws/install/turtlebot3_teleop:/home/imirdo/turtlebot3_ws/install/turtlebot3_example:/opt/ros/jazzy DEBUGINFOD_URLS=https://debuginfod.ubuntu.com /usr/bin/cmake --build /home/imirdo/marine_ws/src/vessel_kinematics/build/vessel_kinematics -- -j28 -l28
[4.217s] [ 16%] [32mBuilding CXX object CMakeFiles/milliampere_dynamics_node.dir/src/milliampere_dynamics_node.cpp.o[0m
[4.217s] [ 33%] [32mBuilding CXX object CMakeFiles/vessel_lib.dir/src/thrust_allocator.cpp.o[0m
[8.896s] [ 50%] [32m[1mLinking CXX static library libvessel_lib.a[0m
[9.005s] [ 50%] Built target vessel_lib
[9.068s] [ 66%] [32mBuilding CXX object CMakeFiles/thrust_allocator_node.dir/src/thrust_allocator_node.cpp.o[0m
[26.475s] [ 83%] [32m[1mLinking CXX executable thrust_allocator_node[0m
[27.226s] [ 83%] Built target thrust_allocator_node
[34.497s] [100%] [32m[1mLinking CXX executable milliampere_dynamics_node[0m
[35.659s] [100%] Built target milliampere_dynamics_node
[35.687s] Invoked command in '/home/imirdo/marine_ws/src/vessel_kinematics/build/vessel_kinematics' returned '0': CMAKE_PREFIX_PATH=${CMAKE_PREFIX_PATH}:/home/imirdo/turtlebot3_ws/install/turtlebot3_teleop:/home/imirdo/turtlebot3_ws/install/turtlebot3_example:/opt/ros/jazzy DEBUGINFOD_URLS=https://debuginfod.ubuntu.com /usr/bin/cmake --build /home/imirdo/marine_ws/src/vessel_kinematics/build/vessel_kinematics -- -j28 -l28
[35.710s] Invoking command in '/home/imirdo/marine_ws/src/vessel_kinematics/build/vessel_kinematics': CMAKE_PREFIX_PATH=${CMAKE_PREFIX_PATH}:/home/imirdo/turtlebot3_ws/install/turtlebot3_teleop:/home/imirdo/turtlebot3_ws/install/turtlebot3_example:/opt/ros/jazzy DEBUGINFOD_URLS=https://debuginfod.ubuntu.com /usr/bin/cmake --install /home/imirdo/marine_ws/src/vessel_kinematics/build/vessel_kinematics
[35.729s] -- Install configuration: ""
[35.730s] -- Installing: /home/imirdo/marine_ws/src/vessel_kinematics/install/vessel_kinematics/lib/vessel_kinematics/milliampere_dynamics_node
[35.749s] -- Set non-toolchain portion of runtime path of "/home/imirdo/marine_ws/src/vessel_kinematics/install/vessel_kinematics/lib/vessel_kinematics/milliampere_dynamics_node" to ""
[35.749s] -- Installing: /home/imirdo/marine_ws/src/vessel_kinematics/install/vessel_kinematics/lib/vessel_kinematics/thrust_allocator_node
[35.759s] -- Set non-toolchain portion of runtime path of "/home/imirdo/marine_ws/src/vessel_kinematics/install/vessel_kinematics/lib/vessel_kinematics/thrust_allocator_node" to ""
[35.759s] -- Up-to-date: /home/imirdo/marine_ws/src/vessel_kinematics/install/vessel_kinematics/lib/vessel_kinematics/milliampere_dynamics_node
[35.760s] -- Up-to-date: /home/imirdo/marine_ws/src/vessel_kinematics/install/vessel_kinematics/lib/vessel_kinematics/thrust_allocator_node
[35.760s] -- Installing: /home/imirdo/marine_ws/src/vessel_kinematics/install/vessel_kinematics/share/vessel_kinematics/launch
[35.761s] -- Installing: /home/imirdo/marine_ws/src/vessel_kinematics/install/vessel_kinematics/share/vessel_kinematics/launch/vessel.launch.py
[35.761s] -- Installing: /home/imirdo/marine_ws/src/vessel_kinematics/install/vessel_kinematics/share/vessel_kinematics/rviz
[35.761s] -- Installing: /home/imirdo/marine_ws/src/vessel_kinematics/install/vessel_kinematics/share/vessel_kinematics/rviz/vessel.rviz
[35.762s] -- Installing: /home/imirdo/marine_ws/src/vessel_kinematics/install/vessel_kinematics/share/vessel_kinematics/urdf
[35.762s] -- Installing: /home/imirdo/marine_ws/src/vessel_kinematics/install/vessel_kinematics/share/vessel_kinematics/urdf/milliampere.urdf.xacro
[35.762s] -- Installing: /home/imirdo/marine_ws/src/vessel_kinematics/install/vessel_kinematics/share/vessel_kinematics/urdf/vessel_prism.urdf.xacro
[35.762s] -- Installing: /home/imirdo/marine_ws/src/vessel_kinematics/install/vessel_kinematics/share/ament_index/resource_index/package_run_dependencies/vessel_kinematics
[35.762s] -- Installing: /home/imirdo/marine_ws/src/vessel_kinematics/install/vessel_kinematics/share/ament_index/resource_index/parent_prefix_path/vessel_kinematics
[35.763s] -- Installing: /home/imirdo/marine_ws/src/vessel_kinematics/install/vessel_kinematics/share/vessel_kinematics/environment/ament_prefix_path.sh
[35.763s] -- Installing: /home/imirdo/marine_ws/src/vessel_kinematics/install/vessel_kinematics/share/vessel_kinematics/environment/ament_prefix_path.dsv
[35.763s] -- Installing: /home/imirdo/marine_ws/src/vessel_kinematics/install/vessel_kinematics/share/vessel_kinematics/environment/path.sh
[35.763s] -- Installing: /home/imirdo/marine_ws/src/vessel_kinematics/install/vessel_kinematics/share/vessel_kinematics/environment/path.dsv
[35.763s] -- Installing: /home/imirdo/marine_ws/src/vessel_kinematics/install/vessel_kinematics/share/vessel_kinematics/local_setup.bash
[35.764s] -- Installing: /home/imirdo/marine_ws/src/vessel_kinematics/install/vessel_kinematics/share/vessel_kinematics/local_setup.sh
[35.764s] -- Installing: /home/imirdo/marine_ws/src/vessel_kinematics/install/vessel_kinematics/share/vessel_kinematics/local_setup.zsh
[35.764s] -- Installing: /home/imirdo/marine_ws/src/vessel_kinematics/install/vessel_kinematics/share/vessel_kinematics/local_setup.dsv
[35.764s] -- Installing: /home/imirdo/marine_ws/src/vessel_kinematics/install/vessel_kinematics/share/vessel_kinematics/package.dsv
[35.765s] -- Installing: /home/imirdo/marine_ws/src/vessel_kinematics/install/vessel_kinematics/share/ament_index/resource_index/packages/vessel_kinematics
[35.765s] -- Installing: /home/imirdo/marine_ws/src/vessel_kinematics/install/vessel_kinematics/share/vessel_kinematics/cmake/vessel_kinematicsConfig.cmake
[35.765s] -- Installing: /home/imirdo/marine_ws/src/vessel_kinematics/install/vessel_kinematics/share/vessel_kinematics/cmake/vessel_kinematicsConfig-version.cmake
[35.765s] -- Installing: /home/imirdo/marine_ws/src/vessel_kinematics/install/vessel_kinematics/share/vessel_kinematics/package.xml
[35.770s] Invoked command in '/home/imirdo/marine_ws/src/vessel_kinematics/build/vessel_kinematics' returned '0': CMAKE_PREFIX_PATH=${CMAKE_PREFIX_PATH}:/home/imirdo/turtlebot3_ws/install/turtlebot3_teleop:/home/imirdo/turtlebot3_ws/install/turtlebot3_example:/opt/ros/jazzy DEBUGINFOD_URLS=https://debuginfod.ubuntu.com /usr/bin/cmake --install /home/imirdo/marine_ws/src/vessel_kinematics/build/vessel_kinematics
