[0.031s] Invoking command in '/home/imirdo/marine_ws/src/vessel_kinematics/build/vessel_kinematics': CMAKE_PREFIX_PATH=${CMAKE_PREFIX_PATH}:/home/imirdo/turtlebot3_ws/install/turtlebot3_teleop:/home/imirdo/turtlebot3_ws/install/turtlebot3_example:/opt/ros/jazzy DEBUGINFOD_URLS=https://debuginfod.ubuntu.com /usr/bin/cmake --build /home/imirdo/marine_ws/src/vessel_kinematics/build/vessel_kinematics -- -j28 -l28
[0.112s] -- Found ament_cmake: 2.5.4 (/opt/ros/jazzy/share/ament_cmake/cmake)
[0.627s] -- Found rclcpp: 28.1.11 (/opt/ros/jazzy/share/rclcpp/cmake)
[0.684s] -- Found rosidl_generator_c: 4.6.6 (/opt/ros/jazzy/share/rosidl_generator_c/cmake)
[0.699s] -- Found rosidl_generator_cpp: 4.6.6 (/opt/ros/jazzy/share/rosidl_generator_cpp/cmake)
[0.719s] -- Using all available rosidl_typesupport_c: rosidl_typesupport_fastrtps_c;rosidl_typesupport_introspection_c
[0.756s] -- Using all available rosidl_typesupport_cpp: rosidl_typesupport_fastrtps_cpp;rosidl_typesupport_introspection_cpp
[0.901s] -- Found rmw_implementation_cmake: 7.3.2 (/opt/ros/jazzy/share/rmw_implementation_cmake/cmake)
[0.904s] -- Found rmw_fastrtps_cpp: 8.4.3 (/opt/ros/jazzy/share/rmw_fastrtps_cpp/cmake)
[1.023s] -- Using RMW implementation 'rmw_fastrtps_cpp' as default
[1.148s] -- Found geometry_msgs: 5.3.6 (/opt/ros/jazzy/share/geometry_msgs/cmake)
[1.228s] -- Found nav_msgs: 5.3.6 (/opt/ros/jazzy/share/nav_msgs/cmake)
[1.303s] -- Found tf2_ros: 0.36.14 (/opt/ros/jazzy/share/tf2_ros/cmake)
[1.598s] -- Found osqp_vendor: 0.2.0 (/opt/ros/jazzy/share/osqp_vendor/cmake)
[1.603s] -- Found ament_lint_auto: 0.17.3 (/opt/ros/jazzy/share/ament_lint_auto/cmake)
[1.868s] [31mCMake Error at CMakeLists.txt:77 (install):
[1.869s]   install TARGETS given target "pid_controller_node" which does not
[1.869s]   exist.
[1.869s] 
[1.869s] [0m
[1.971s] -- Added test 'cppcheck' to perform static code analysis on C / C++ code
[1.972s] -- Configured cppcheck include dirs: $<BUILD_INTERFACE:/home/imirdo/marine_ws/src/vessel_kinematics/include>
[1.972s] -- Configured cppcheck exclude dirs and/or files: 
[1.981s] -- Added test 'flake8' to check Python code syntax and style conventions
[1.982s] -- Configured 'flake8' exclude dirs and/or files: 
[2.000s] -- Added test 'lint_cmake' to check CMake code style
[2.010s] -- Added test 'pep257' to check Python code against some of the docstring style conventions in PEP 257
[2.122s] -- Added test 'uncrustify' to check C / C++ code style
[2.123s] -- Configured uncrustify additional arguments: 
[2.141s] -- Added test 'xmllint' to check XML markup files
[2.144s] -- Configuring incomplete, errors occurred!
[2.165s] gmake: *** [Makefile:390: cmake_check_build_system] Error 1
[2.172s] Invoked command in '/home/imirdo/marine_ws/src/vessel_kinematics/build/vessel_kinematics' returned '2': CMAKE_PREFIX_PATH=${CMAKE_PREFIX_PATH}:/home/imirdo/turtlebot3_ws/install/turtlebot3_teleop:/home/imirdo/turtlebot3_ws/install/turtlebot3_example:/opt/ros/jazzy DEBUGINFOD_URLS=https://debuginfod.ubuntu.com /usr/bin/cmake --build /home/imirdo/marine_ws/src/vessel_kinematics/build/vessel_kinematics -- -j28 -l28
